<?xml version="1.0" encoding="UTF-8"?>
<!-- Generated by org.testng.reporters.JUnitXMLReporter -->
<testsuite ignored="0" hostname="LAPTOP-I05N7ISE" failures="1" tests="1" name="Test" time="2.411" errors="0" timestamp="2021-01-18T16:54:10 NZDT">
  <testcase classname="Academy.E2EProject.RestTestAPI" name="getMethodValidate" time="1.912">
    <failure type="java.lang.AssertionError" message="Promotions name and description are not valid expected [true] but found [false]">
      <![CDATA[java.lang.AssertionError: Promotions name and description are not valid expected [true] but found [false]
at Academy.E2EProject.RestTestAPI.getMethodValidate(RestTestAPI.java:132)
at java.base/java.util.concurrent.ThreadPoolExecutor.runWorker(ThreadPoolExecutor.java:1128)
at java.base/java.util.concurrent.ThreadPoolExecutor$Worker.run(ThreadPoolExecutor.java:628)
at java.base/java.lang.Thread.run(Thread.java:834)
... Removed 15 stack frames]]>
    </failure>
  </testcase> <!-- getMethodValidate -->
</testsuite> <!-- Test -->
