<?xml version="1.0" encoding="UTF-8"?>
<testng-results ignored="0" total="1" passed="0" failed="1" skipped="0">
  <reporter-output>
  </reporter-output>
  <suite started-at="2021-01-18T16:54:07 NZDT" name="Suite" finished-at="2021-01-18T16:54:10 NZDT" duration-ms="2411">
    <groups>
    </groups>
    <test started-at="2021-01-18T16:54:07 NZDT" name="Test" finished-at="2021-01-18T16:54:10 NZDT" duration-ms="2411">
      <class name="Academy.E2EProject.RestTestAPI">
        <test-method signature="getMethodValidate(java.lang.String, java.lang.String, java.lang.String, java.lang.String)[pri:0, instance:Academy.E2EProject.RestTestAPI@68ed96ca]" started-at="2021-01-18T16:54:08 NZDT" name="getMethodValidate" data-provider="getData" finished-at="2021-01-18T16:54:10 NZDT" duration-ms="1912" status="FAIL">
          <params>
            <param index="0">
              <value>
                <![CDATA[Carbon credits]]>
              </value>
            </param>
            <param index="1">
              <value>
                <![CDATA[true]]>
              </value>
            </param>
            <param index="2">
              <value>
                <![CDATA[Gallery]]>
              </value>
            </param>
            <param index="3">
              <value>
                <![CDATA[2x larger image]]>
              </value>
            </param>
          </params>
          <exception class="java.lang.AssertionError">
            <message>
              <![CDATA[Promotions name and description are not valid expected [true] but found [false]]]>
            </message>
            <full-stacktrace>
              <![CDATA[java.lang.AssertionError: Promotions name and description are not valid expected [true] but found [false]
at org.testng.Assert.fail(Assert.java:99)
at org.testng.Assert.failNotEquals(Assert.java:1037)
at org.testng.Assert.assertTrue(Assert.java:45)
at Academy.E2EProject.RestTestAPI.getMethodValidate(RestTestAPI.java:132)
at java.base/jdk.internal.reflect.NativeMethodAccessorImpl.invoke0(Native Method)
at java.base/jdk.internal.reflect.NativeMethodAccessorImpl.invoke(NativeMethodAccessorImpl.java:62)
at java.base/jdk.internal.reflect.DelegatingMethodAccessorImpl.invoke(DelegatingMethodAccessorImpl.java:43)
at java.base/java.lang.reflect.Method.invoke(Method.java:566)
at org.testng.internal.MethodInvocationHelper.invokeMethod(MethodInvocationHelper.java:132)
at org.testng.internal.TestInvoker.invokeMethod(TestInvoker.java:599)
at org.testng.internal.TestInvoker.invokeTestMethod(TestInvoker.java:174)
at org.testng.internal.MethodRunner.runInSequence(MethodRunner.java:46)
at org.testng.internal.TestInvoker$MethodInvocationAgent.invoke(TestInvoker.java:822)
at org.testng.internal.TestInvoker.invokeTestMethods(TestInvoker.java:147)
at org.testng.internal.TestMethodWorker.invokeTestMethods(TestMethodWorker.java:146)
at org.testng.internal.TestMethodWorker.run(TestMethodWorker.java:128)
at java.base/java.util.concurrent.ThreadPoolExecutor.runWorker(ThreadPoolExecutor.java:1128)
at java.base/java.util.concurrent.ThreadPoolExecutor$Worker.run(ThreadPoolExecutor.java:628)
at java.base/java.lang.Thread.run(Thread.java:834)
]]>
            </full-stacktrace>
          </exception> <!-- java.lang.AssertionError -->
          <reporter-output>
          </reporter-output>
        </test-method> <!-- getMethodValidate -->
      </class> <!-- Academy.E2EProject.RestTestAPI -->
    </test> <!-- Test -->
  </suite> <!-- Suite -->
</testng-results>
